<?xml version="1.0" encoding="UTF-8"?>
<testng-results ignored="0" total="1" passed="1" failed="0" skipped="0">
  <reporter-output>
  </reporter-output>
  <suite started-at="2024-10-01T07:43:35 IST" name="Default suite" finished-at="2024-10-01T07:44:50 IST" duration-ms="75265">
    <groups>
      <group name="cucumber">
        <method signature="AbstractTestNGCucumberTests.runScenario(io.cucumber.testng.PickleWrapper,io.cucumber.testng.FeatureWrapper)[pri:0, instance:com.stepdefinition.RLL_240Testing_FirstCry_MyProfile.NewTest@3bf7ca37]" name="runScenario" class="io.cucumber.testng.AbstractTestNGCucumberTests"/>
      </group> <!-- cucumber -->
    </groups>
    <test started-at="2024-10-01T07:43:35 IST" name="Default test" finished-at="2024-10-01T07:44:50 IST" duration-ms="75265">
      <class name="com.stepdefinition.RLL_240Testing_FirstCry_MyProfile.NewTest">
        <test-method is-config="true" signature="setUpClass()[pri:0, instance:com.stepdefinition.RLL_240Testing_FirstCry_MyProfile.NewTest@3bf7ca37]" started-at="2024-10-01T07:43:35 IST" name="setUpClass" finished-at="2024-10-01T07:43:35 IST" duration-ms="405" status="PASS">
          <reporter-output>
          </reporter-output>
        </test-method> <!-- setUpClass -->
        <test-method signature="runScenario(io.cucumber.testng.PickleWrapper,io.cucumber.testng.FeatureWrapper)[pri:0, instance:com.stepdefinition.RLL_240Testing_FirstCry_MyProfile.NewTest@3bf7ca37]" started-at="2024-10-01T07:43:35 IST" name="runScenario" description="Runs Cucumber Scenarios" data-provider="scenarios" finished-at="2024-10-01T07:44:50 IST" duration-ms="74779" status="PASS">
          <params>
            <param index="0">
              <value>
                <![CDATA["Adding Address details Successfully with valid credentials"]]>
              </value>
            </param>
            <param index="1">
              <value>
                <![CDATA["Optional[Perform edit operation on My Address Book of firstcry application]"]]>
              </value>
            </param>
          </params>
          <reporter-output>
          </reporter-output>
        </test-method> <!-- runScenario -->
        <test-method is-config="true" signature="tearDownClass()[pri:0, instance:com.stepdefinition.RLL_240Testing_FirstCry_MyProfile.NewTest@3bf7ca37]" started-at="2024-10-01T07:44:50 IST" name="tearDownClass" finished-at="2024-10-01T07:44:50 IST" duration-ms="12" status="PASS">
          <reporter-output>
          </reporter-output>
        </test-method> <!-- tearDownClass -->
      </class> <!-- com.stepdefinition.RLL_240Testing_FirstCry_MyProfile.NewTest -->
    </test> <!-- Default test -->
  </suite> <!-- Default suite -->
</testng-results>
